<?xml version="1.0" encoding="UTF-8"?>
<!-- Generated by org.testng.reporters.JUnitXMLReporter -->
<testsuite ignored="6" hostname="LAPTOP-LT8N4FN4" failures="3" tests="28" name="Test" time="275.689" errors="0" timestamp="23 Nov 2020 04:00:33 GMT">
  <testcase classname="Assignment1.Case1_Register_Test" name="refreshRegisterPage" time="1.692"/>
  <testcase classname="Assignment1.Case1_Register_Test" name="registerNewUser" time="63.515">
    <failure type="org.openqa.selenium.TimeoutException" message="timeout: Timed out receiving message from renderer: 60.000
  (Session info: chrome=86.0.4240.198)
Build info: version: &amp;apos;3.141.59&amp;apos;, revision: &amp;apos;e82be7d358&amp;apos;, time: &amp;apos;2018-11-14T08:17:03&amp;apos;
System info: host: &amp;apos;LAPTOP-LT8N4FN4&amp;apos;, ip: &amp;apos;192.168.56.1&amp;apos;, os.name: &amp;apos;Windows 10&amp;apos;, os.arch: &amp;apos;amd64&amp;apos;, os.version: &amp;apos;10.0&amp;apos;, java.version: &amp;apos;14.0.2&amp;apos;
Driver info: org.openqa.selenium.chrome.ChromeDriver
Capabilities {acceptInsecureCerts: false, browserName: chrome, browserVersion: 86.0.4240.198, chrome: {chromedriverVersion: 86.0.4240.22 (398b0743353ff..., userDataDir: C:\Users\Vinod\AppData\Loca...}, goog:chromeOptions: {debuggerAddress: localhost:62001}, javascriptEnabled: true, networkConnectionEnabled: false, pageLoadStrategy: normal, platform: WINDOWS, platformName: WINDOWS, proxy: Proxy(), setWindowRect: true, strictFileInteractability: false, timeouts: {implicit: 0, pageLoad: 300000, script: 30000}, unhandledPromptBehavior: dismiss and notify, webauthn:virtualAuthenticators: true}
Session ID: c96a1e8d485fea3e59ebed1ae324bc5a">
      <![CDATA[org.openqa.selenium.TimeoutException: timeout: Timed out receiving message from renderer: 60.000
  (Session info: chrome=86.0.4240.198)
Build info: version: '3.141.59', revision: 'e82be7d358', time: '2018-11-14T08:17:03'
System info: host: 'LAPTOP-LT8N4FN4', ip: '192.168.56.1', os.name: 'Windows 10', os.arch: 'amd64', os.version: '10.0', java.version: '14.0.2'
Driver info: org.openqa.selenium.chrome.ChromeDriver
Capabilities {acceptInsecureCerts: false, browserName: chrome, browserVersion: 86.0.4240.198, chrome: {chromedriverVersion: 86.0.4240.22 (398b0743353ff..., userDataDir: C:\Users\Vinod\AppData\Loca...}, goog:chromeOptions: {debuggerAddress: localhost:62001}, javascriptEnabled: true, networkConnectionEnabled: false, pageLoadStrategy: normal, platform: WINDOWS, platformName: WINDOWS, proxy: Proxy(), setWindowRect: true, strictFileInteractability: false, timeouts: {implicit: 0, pageLoad: 300000, script: 30000}, unhandledPromptBehavior: dismiss and notify, webauthn:virtualAuthenticators: true}
Session ID: c96a1e8d485fea3e59ebed1ae324bc5a
at org.openqa.selenium.remote.http.W3CHttpResponseCodec.createException(W3CHttpResponseCodec.java:187)
at org.openqa.selenium.remote.http.W3CHttpResponseCodec.decode(W3CHttpResponseCodec.java:122)
at org.openqa.selenium.remote.http.W3CHttpResponseCodec.decode(W3CHttpResponseCodec.java:49)
at org.openqa.selenium.remote.HttpCommandExecutor.execute(HttpCommandExecutor.java:158)
at org.openqa.selenium.remote.service.DriverCommandExecutor.execute(DriverCommandExecutor.java:83)
at org.openqa.selenium.remote.RemoteWebDriver.execute(RemoteWebDriver.java:552)
at org.openqa.selenium.remote.RemoteWebDriver.execute(RemoteWebDriver.java:609)
at org.openqa.selenium.remote.RemoteWebDriver.getCurrentUrl(RemoteWebDriver.java:287)
at org.openqa.selenium.support.ui.ExpectedConditions$4.apply(ExpectedConditions.java:132)
at org.openqa.selenium.support.ui.ExpectedConditions$4.apply(ExpectedConditions.java:127)
at org.openqa.selenium.support.ui.FluentWait.until(FluentWait.java:249)
at pageObjects.WebTable_Page.verify_RegisteredUser(WebTable_Page.java:25)
at Assignment1.Case1_Register_Test.registerNewUser(Case1_Register_Test.java:44)
... Removed 30 stack frames]]>
    </failure>
  </testcase> <!-- registerNewUser -->
  <testcase classname="Assignment1.Case2_Alerts_Test" name="verifyAlertWithOKBtn" time="0.538"/>
  <testcase classname="Assignment1.Case2_Alerts_Test" name="verifyAlertWithOKCancelBtn" time="0.738">
    <failure type="org.openqa.selenium.NoAlertPresentException" message="no such alert
  (Session info: chrome=86.0.4240.198)
Build info: version: &amp;apos;3.141.59&amp;apos;, revision: &amp;apos;e82be7d358&amp;apos;, time: &amp;apos;2018-11-14T08:17:03&amp;apos;
System info: host: &amp;apos;LAPTOP-LT8N4FN4&amp;apos;, ip: &amp;apos;192.168.56.1&amp;apos;, os.name: &amp;apos;Windows 10&amp;apos;, os.arch: &amp;apos;amd64&amp;apos;, os.version: &amp;apos;10.0&amp;apos;, java.version: &amp;apos;14.0.2&amp;apos;
Driver info: org.openqa.selenium.chrome.ChromeDriver
Capabilities {acceptInsecureCerts: false, browserName: chrome, browserVersion: 86.0.4240.198, chrome: {chromedriverVersion: 86.0.4240.22 (398b0743353ff..., userDataDir: C:\Users\Vinod\AppData\Loca...}, goog:chromeOptions: {debuggerAddress: localhost:62121}, javascriptEnabled: true, networkConnectionEnabled: false, pageLoadStrategy: normal, platform: WINDOWS, platformName: WINDOWS, proxy: Proxy(), setWindowRect: true, strictFileInteractability: false, timeouts: {implicit: 0, pageLoad: 300000, script: 30000}, unhandledPromptBehavior: dismiss and notify, webauthn:virtualAuthenticators: true}
Session ID: 287cd8f2207b3c6baa686ab7fcd5ae8a">
      <![CDATA[org.openqa.selenium.NoAlertPresentException: no such alert
  (Session info: chrome=86.0.4240.198)
Build info: version: '3.141.59', revision: 'e82be7d358', time: '2018-11-14T08:17:03'
System info: host: 'LAPTOP-LT8N4FN4', ip: '192.168.56.1', os.name: 'Windows 10', os.arch: 'amd64', os.version: '10.0', java.version: '14.0.2'
Driver info: org.openqa.selenium.chrome.ChromeDriver
Capabilities {acceptInsecureCerts: false, browserName: chrome, browserVersion: 86.0.4240.198, chrome: {chromedriverVersion: 86.0.4240.22 (398b0743353ff..., userDataDir: C:\Users\Vinod\AppData\Loca...}, goog:chromeOptions: {debuggerAddress: localhost:62121}, javascriptEnabled: true, networkConnectionEnabled: false, pageLoadStrategy: normal, platform: WINDOWS, platformName: WINDOWS, proxy: Proxy(), setWindowRect: true, strictFileInteractability: false, timeouts: {implicit: 0, pageLoad: 300000, script: 30000}, unhandledPromptBehavior: dismiss and notify, webauthn:virtualAuthenticators: true}
Session ID: 287cd8f2207b3c6baa686ab7fcd5ae8a
at org.openqa.selenium.remote.http.W3CHttpResponseCodec.createException(W3CHttpResponseCodec.java:187)
at org.openqa.selenium.remote.http.W3CHttpResponseCodec.decode(W3CHttpResponseCodec.java:122)
at org.openqa.selenium.remote.http.W3CHttpResponseCodec.decode(W3CHttpResponseCodec.java:49)
at org.openqa.selenium.remote.HttpCommandExecutor.execute(HttpCommandExecutor.java:158)
at org.openqa.selenium.remote.service.DriverCommandExecutor.execute(DriverCommandExecutor.java:83)
at org.openqa.selenium.remote.RemoteWebDriver.execute(RemoteWebDriver.java:552)
at org.openqa.selenium.remote.RemoteWebDriver.execute(RemoteWebDriver.java:609)
at org.openqa.selenium.remote.RemoteWebDriver$RemoteTargetLocator.alert(RemoteWebDriver.java:932)
at pageObjects.Alerts_Page.verify_AlertWithOKCancelBtn(Alerts_Page.java:57)
at Assignment1.Case2_Alerts_Test.verifyAlertWithOKCancelBtn(Case2_Alerts_Test.java:34)
... Removed 30 stack frames]]>
    </failure>
  </testcase> <!-- verifyAlertWithOKCancelBtn -->
  <testcase classname="Assignment1.Case2_Alerts_Test" name="verifyAlertWithTextBox" time="0.458"/>
  <testcase classname="Assignment1.Case3_Windows_Test" name="openNewSeperateWindow" time="2.598"/>
  <testcase classname="Assignment1.Case3_Windows_Test" name="openNewTabbedWindow" time="2.401"/>
  <testcase classname="Assignment1.Case3_Windows_Test" name="openSeperateMultipleWindows" time="5.083"/>
  <testcase classname="Assignment1.Case4_Frames_Test" name="multipleFrames_validation" time="1.596"/>
  <testcase classname="Assignment1.Case4_Frames_Test" name="sigleIframe_validation" time="0.468"/>
  <testcase classname="Assignment1.Case5_DatePicker_test" name="datePickerDisabled_SelectDate" time="1.977"/>
  <testcase classname="Assignment1.Case5_DatePicker_test" name="datePickerDisabled_SelectDate" time="1.638"/>
  <testcase classname="Assignment1.Case5_DatePicker_test" name="datePickerDisabled_SelectDate" time="4.699"/>
  <testcase classname="Assignment1.Case5_DatePicker_test" name="datePickerDisabled_SelectDate" time="14.271"/>
  <testcase classname="Assignment1.Case5_DatePicker_test" name="datePickerEnabled_SelectDate" time="2.916"/>
  <testcase classname="Assignment1.Case5_DatePicker_test" name="datePickerEnabled_SelectDate" time="2.876"/>
  <testcase classname="Assignment1.Case5_DatePicker_test" name="datePickerEnabled_SelectDate" time="0.696">
    <failure type="org.openqa.selenium.StaleElementReferenceException" message="stale element reference: element is not attached to the page document
  (Session info: chrome=86.0.4240.198)
For documentation on this error, please visit: https://www.seleniumhq.org/exceptions/stale_element_reference.html
Build info: version: &amp;apos;3.141.59&amp;apos;, revision: &amp;apos;e82be7d358&amp;apos;, time: &amp;apos;2018-11-14T08:17:03&amp;apos;
System info: host: &amp;apos;LAPTOP-LT8N4FN4&amp;apos;, ip: &amp;apos;192.168.56.1&amp;apos;, os.name: &amp;apos;Windows 10&amp;apos;, os.arch: &amp;apos;amd64&amp;apos;, os.version: &amp;apos;10.0&amp;apos;, java.version: &amp;apos;14.0.2&amp;apos;
Driver info: org.openqa.selenium.chrome.ChromeDriver
Capabilities {acceptInsecureCerts: false, browserName: chrome, browserVersion: 86.0.4240.198, chrome: {chromedriverVersion: 86.0.4240.22 (398b0743353ff..., userDataDir: C:\Users\Vinod\AppData\Loca...}, goog:chromeOptions: {debuggerAddress: localhost:62555}, javascriptEnabled: true, networkConnectionEnabled: false, pageLoadStrategy: normal, platform: WINDOWS, platformName: WINDOWS, proxy: Proxy(), setWindowRect: true, strictFileInteractability: false, timeouts: {implicit: 0, pageLoad: 300000, script: 30000}, unhandledPromptBehavior: dismiss and notify, webauthn:virtualAuthenticators: true}
Session ID: f8d3057748956c081a2f455a787ae5ca">
      <![CDATA[org.openqa.selenium.StaleElementReferenceException: stale element reference: element is not attached to the page document
  (Session info: chrome=86.0.4240.198)
For documentation on this error, please visit: https://www.seleniumhq.org/exceptions/stale_element_reference.html
Build info: version: '3.141.59', revision: 'e82be7d358', time: '2018-11-14T08:17:03'
System info: host: 'LAPTOP-LT8N4FN4', ip: '192.168.56.1', os.name: 'Windows 10', os.arch: 'amd64', os.version: '10.0', java.version: '14.0.2'
Driver info: org.openqa.selenium.chrome.ChromeDriver
Capabilities {acceptInsecureCerts: false, browserName: chrome, browserVersion: 86.0.4240.198, chrome: {chromedriverVersion: 86.0.4240.22 (398b0743353ff..., userDataDir: C:\Users\Vinod\AppData\Loca...}, goog:chromeOptions: {debuggerAddress: localhost:62555}, javascriptEnabled: true, networkConnectionEnabled: false, pageLoadStrategy: normal, platform: WINDOWS, platformName: WINDOWS, proxy: Proxy(), setWindowRect: true, strictFileInteractability: false, timeouts: {implicit: 0, pageLoad: 300000, script: 30000}, unhandledPromptBehavior: dismiss and notify, webauthn:virtualAuthenticators: true}
Session ID: f8d3057748956c081a2f455a787ae5ca
at org.openqa.selenium.remote.http.W3CHttpResponseCodec.createException(W3CHttpResponseCodec.java:187)
at org.openqa.selenium.remote.http.W3CHttpResponseCodec.decode(W3CHttpResponseCodec.java:122)
at org.openqa.selenium.remote.http.W3CHttpResponseCodec.decode(W3CHttpResponseCodec.java:49)
at org.openqa.selenium.remote.HttpCommandExecutor.execute(HttpCommandExecutor.java:158)
at org.openqa.selenium.remote.service.DriverCommandExecutor.execute(DriverCommandExecutor.java:83)
at org.openqa.selenium.remote.RemoteWebDriver.execute(RemoteWebDriver.java:552)
at org.openqa.selenium.remote.RemoteWebElement.execute(RemoteWebElement.java:285)
at org.openqa.selenium.remote.RemoteWebElement.click(RemoteWebElement.java:84)
at utilities.Utilities.clickElement(Utilities.java:31)
at pageObjects.DatePicker_Page.selectDate_DatePicker(DatePicker_Page.java:137)
at pageObjects.DatePicker_Page.selectDate_EnabledDatePicker(DatePicker_Page.java:56)
at Assignment1.Case5_DatePicker_test.datePickerEnabled_SelectDate(Case5_DatePicker_test.java:53)
... Removed 30 stack frames]]>
    </failure>
  </testcase> <!-- datePickerEnabled_SelectDate -->
  <testcase classname="Assignment1.Case5_DatePicker_test" name="datePickerEnabled_SelectDate" time="7.736"/>
  <testcase classname="Assignment1.Case5_DatePicker_test" name="datePickerEnabled_SelectDate_SelectMonthYearFromDropDown" time="2.96"/>
  <testcase classname="Assignment1.Case5_DatePicker_test" name="datePickerEnabled_SelectDate_SelectMonthYearFromDropDown" time="2.192"/>
  <testcase classname="Assignment1.Case5_DatePicker_test" name="datePickerEnabled_SelectDate_SelectMonthYearFromDropDown" time="2.85"/>
  <testcase classname="Assignment1.Case5_DatePicker_test" name="datePickerEnabled_SelectDate_SelectMonthYearFromDropDown" time="2.394"/>
  <testcase classname="Assignment1.Case6_Selectable_Test" name="selectable_Serialize" time="3.326"/>
  <testcase classname="Assignment1.Case6_Selectable_Test" name="selectable_defaultFunctionality" time="0.404"/>
  <testcase classname="Assignment1.Case7_Gillette_Test" name="loginIn" time="17.9"/>
  <testcase classname="Assignment1.Case7_Gillette_Test" name="loginIn" time="12.347"/>
  <testcase classname="Assignment1.Case7_Gillette_Test" name="register" time="17.041"/>
  <testcase classname="Assignment1.Case7_Gillette_Test" name="register" time="11.334"/>
  <testcase classname="Assignment1.Case5_DatePicker_test" name="dataPickerEnabled_InvalidDate" time="0.0">
    <ignored/>
  </testcase> <!-- dataPickerEnabled_InvalidDate -->
  <testcase classname="Assignment1.Case7_Gillette_Test" name="invalidEmailIDValidation" time="0.0">
    <ignored/>
  </testcase> <!-- invalidEmailIDValidation -->
  <testcase classname="Assignment1.Case7_Gillette_Test" name="blankRegisterFormSubmittion_austria" time="0.0">
    <ignored/>
  </testcase> <!-- blankRegisterFormSubmittion_austria -->
  <testcase classname="Assignment1.Case1_Register_Test" name="passwordMismatch" time="0.0">
    <ignored/>
  </testcase> <!-- passwordMismatch -->
  <testcase classname="Assignment1.Case6_Selectable_Test" name="selectable_defaultFunctionality_MultiSelect" time="0.0">
    <ignored/>
  </testcase> <!-- selectable_defaultFunctionality_MultiSelect -->
  <testcase classname="Assignment1.Case7_Gillette_Test" name="passwordFldValidation_in" time="0.0">
    <ignored/>
  </testcase> <!-- passwordFldValidation_in -->
</testsuite> <!-- Test -->
